<?xml version="1.0" encoding="UTF-8"?>
<!-- Generated by org.testng.reporters.JUnitXMLReporter -->
<testsuite hostname="DESKTOP-K9GEB9M" failures="0" tests="3" name="Default test" time="5.309" errors="0" timestamp="16 Mar 2022 17:11:31 GMT">
  <testcase classname="RestTesting.Trello" name="createBoard" time="3.964"/>
  <testcase classname="RestTesting.Trello" name="getBoard" time="0.592"/>
  <testcase classname="RestTesting.Trello" name="DeleteBoard" time="0.73"/>
</testsuite> <!-- Default test -->
