<?xml version="1.0" encoding="UTF-8"?>
<testng-results total="2" passed="2" failed="0" skipped="0">
  <reporter-output>
  </reporter-output>
  <suite started-at="2022-03-16T15:09:59Z" name="Default suite" finished-at="2022-03-16T15:10:16Z" duration-ms="16424">
    <groups>
    </groups>
    <test started-at="2022-03-16T15:09:59Z" name="Default test" finished-at="2022-03-16T15:10:16Z" duration-ms="16424">
      <class name="RestTesting.EcommerceUser">
        <test-method signature="signup()[pri:0, instance:RestTesting.EcommerceUser@18e36d14]" started-at="2022-03-16T20:39:59Z" name="signup" finished-at="2022-03-16T20:40:10Z" duration-ms="10435" status="PASS">
          <reporter-output>
          </reporter-output>
        </test-method> <!-- signup -->
        <test-method signature="Login()[pri:1, instance:RestTesting.EcommerceUser@18e36d14]" started-at="2022-03-16T20:40:10Z" name="Login" finished-at="2022-03-16T20:40:16Z" duration-ms="5953" status="PASS">
          <reporter-output>
          </reporter-output>
        </test-method> <!-- Login -->
      </class> <!-- RestTesting.EcommerceUser -->
    </test> <!-- Default test -->
  </suite> <!-- Default suite -->
</testng-results>
